This is pdfTeX, Version 3.14159265-2.6-1.40.20 (TeX Live 2019/W32TeX) (preloaded format=pdflatex 2020.3.20)  29 JUN 2020 15:18
entering extended mode
 restricted \write18 enabled.
 %&-line parsing enabled.
**assignment44.tex
(./assignment44.tex
LaTeX2e <2020-02-02> patch level 5
L3 programming layer <2020-02-25>
(c:/Users/Keiryn Hart/AppData/Roaming/TinyTeX/texmf-dist/tex/latex/base/article
.cls
Document Class: article 2019/12/20 v1.4l Standard LaTeX document class

(c:/Users/Keiryn Hart/AppData/Roaming/TinyTeX/texmf-dist/tex/latex/base/size10.
clo
File: size10.clo 2019/12/20 v1.4l Standard LaTeX file (size option)
)
\c@part=\count167
\c@section=\count168
\c@subsection=\count169
\c@subsubsection=\count170
\c@paragraph=\count171
\c@subparagraph=\count172
\c@figure=\count173
\c@table=\count174
\abovecaptionskip=\skip47
\belowcaptionskip=\skip48
\bibindent=\dimen134
)
(c:/Users/Keiryn Hart/AppData/Roaming/TinyTeX/texmf-dist/tex/latex/lm/lmodern.s
ty
Package: lmodern 2009/10/30 v1.6 Latin Modern Fonts
LaTeX Font Info:    Overwriting symbol font `operators' in version `normal'
(Font)                  OT1/cmr/m/n --> OT1/lmr/m/n on input line 22.
LaTeX Font Info:    Overwriting symbol font `letters' in version `normal'
(Font)                  OML/cmm/m/it --> OML/lmm/m/it on input line 23.
LaTeX Font Info:    Overwriting symbol font `symbols' in version `normal'
(Font)                  OMS/cmsy/m/n --> OMS/lmsy/m/n on input line 24.
LaTeX Font Info:    Overwriting symbol font `largesymbols' in version `normal'
(Font)                  OMX/cmex/m/n --> OMX/lmex/m/n on input line 25.
LaTeX Font Info:    Overwriting symbol font `operators' in version `bold'
(Font)                  OT1/cmr/bx/n --> OT1/lmr/bx/n on input line 26.
LaTeX Font Info:    Overwriting symbol font `letters' in version `bold'
(Font)                  OML/cmm/b/it --> OML/lmm/b/it on input line 27.
LaTeX Font Info:    Overwriting symbol font `symbols' in version `bold'
(Font)                  OMS/cmsy/b/n --> OMS/lmsy/b/n on input line 28.
LaTeX Font Info:    Overwriting symbol font `largesymbols' in version `bold'
(Font)                  OMX/cmex/m/n --> OMX/lmex/m/n on input line 29.
LaTeX Font Info:    Overwriting math alphabet `\mathbf' in version `normal'
(Font)                  OT1/cmr/bx/n --> OT1/lmr/bx/n on input line 31.
LaTeX Font Info:    Overwriting math alphabet `\mathsf' in version `normal'
(Font)                  OT1/cmss/m/n --> OT1/lmss/m/n on input line 32.
LaTeX Font Info:    Overwriting math alphabet `\mathit' in version `normal'
(Font)                  OT1/cmr/m/it --> OT1/lmr/m/it on input line 33.
LaTeX Font Info:    Overwriting math alphabet `\mathtt' in version `normal'
(Font)                  OT1/cmtt/m/n --> OT1/lmtt/m/n on input line 34.
LaTeX Font Info:    Overwriting math alphabet `\mathbf' in version `bold'
(Font)                  OT1/cmr/bx/n --> OT1/lmr/bx/n on input line 35.
LaTeX Font Info:    Overwriting math alphabet `\mathsf' in version `bold'
(Font)                  OT1/cmss/bx/n --> OT1/lmss/bx/n on input line 36.
LaTeX Font Info:    Overwriting math alphabet `\mathit' in version `bold'
(Font)                  OT1/cmr/bx/it --> OT1/lmr/bx/it on input line 37.
LaTeX Font Info:    Overwriting math alphabet `\mathtt' in version `bold'
(Font)                  OT1/cmtt/m/n --> OT1/lmtt/m/n on input line 38.
)
(c:/Users/Keiryn Hart/AppData/Roaming/TinyTeX/texmf-dist/tex/latex/amsfonts/ams
symb.sty
Package: amssymb 2013/01/14 v3.01 AMS font symbols

(c:/Users/Keiryn Hart/AppData/Roaming/TinyTeX/texmf-dist/tex/latex/amsfonts/ams
fonts.sty
Package: amsfonts 2013/01/14 v3.01 Basic AMSFonts support
\@emptytoks=\toks15
\symAMSa=\mathgroup4
\symAMSb=\mathgroup5
LaTeX Font Info:    Redeclaring math symbol \hbar on input line 98.
LaTeX Font Info:    Overwriting math alphabet `\mathfrak' in version `bold'
(Font)                  U/euf/m/n --> U/euf/b/n on input line 106.
))
(c:/Users/Keiryn Hart/AppData/Roaming/TinyTeX/texmf-dist/tex/latex/amsmath/amsm
ath.sty
Package: amsmath 2020/01/20 v2.17e AMS math features
\@mathmargin=\skip49
For additional information on amsmath, use the `?' option.

(c:/Users/Keiryn Hart/AppData/Roaming/TinyTeX/texmf-dist/tex/latex/amsmath/amst
ext.sty
Package: amstext 2000/06/29 v2.01 AMS text

(c:/Users/Keiryn Hart/AppData/Roaming/TinyTeX/texmf-dist/tex/latex/amsmath/amsg
en.sty
File: amsgen.sty 1999/11/30 v2.0 generic functions
\@emptytoks=\toks16
\ex@=\dimen135
))
(c:/Users/Keiryn Hart/AppData/Roaming/TinyTeX/texmf-dist/tex/latex/amsmath/amsb
sy.sty
Package: amsbsy 1999/11/29 v1.2d Bold Symbols
\pmbraise@=\dimen136
)
(c:/Users/Keiryn Hart/AppData/Roaming/TinyTeX/texmf-dist/tex/latex/amsmath/amso
pn.sty
Package: amsopn 2016/03/08 v2.02 operator names
)
\inf@bad=\count175
LaTeX Info: Redefining \frac on input line 227.
\uproot@=\count176
\leftroot@=\count177
LaTeX Info: Redefining \overline on input line 389.
\classnum@=\count178
\DOTSCASE@=\count179
LaTeX Info: Redefining \ldots on input line 486.
LaTeX Info: Redefining \dots on input line 489.
LaTeX Info: Redefining \cdots on input line 610.
\Mathstrutbox@=\box45
\strutbox@=\box46
\big@size=\dimen137
LaTeX Font Info:    Redeclaring font encoding OML on input line 733.
LaTeX Font Info:    Redeclaring font encoding OMS on input line 734.
\macc@depth=\count180
\c@MaxMatrixCols=\count181
\dotsspace@=\muskip16
\c@parentequation=\count182
\dspbrk@lvl=\count183
\tag@help=\toks17
\row@=\count184
\column@=\count185
\maxfields@=\count186
\andhelp@=\toks18
\eqnshift@=\dimen138
\alignsep@=\dimen139
\tagshift@=\dimen140
\tagwidth@=\dimen141
\totwidth@=\dimen142
\lineht@=\dimen143
\@envbody=\toks19
\multlinegap=\skip50
\multlinetaggap=\skip51
\mathdisplay@stack=\toks20
LaTeX Info: Redefining \[ on input line 2859.
LaTeX Info: Redefining \] on input line 2860.
)
(c:/Users/Keiryn Hart/AppData/Roaming/TinyTeX/texmf-dist/tex/generic/iftex/ifxe
tex.sty
Package: ifxetex 2019/10/25 v0.7 ifxetex legacy package. Use iftex instead.

(c:/Users/Keiryn Hart/AppData/Roaming/TinyTeX/texmf-dist/tex/generic/iftex/ifte
x.sty
Package: iftex 2019/11/07 v1.0c TeX engine tests
))
(c:/Users/Keiryn Hart/AppData/Roaming/TinyTeX/texmf-dist/tex/generic/iftex/iflu
atex.sty
Package: ifluatex 2019/10/25 v1.5 ifluatex legacy package. Use iftex instead.
)
(c:/Users/Keiryn Hart/AppData/Roaming/TinyTeX/texmf-dist/tex/latex/base/fixltx2
e.sty
Package: fixltx2e 2016/12/29 v2.1a fixes to LaTeX (obsolete)
Applying: [2015/01/01] Old fixltx2e package on input line 46.

Package fixltx2e Warning: fixltx2e is not required with releases after 2015
(fixltx2e)                All fixes are now in the LaTeX kernel.
(fixltx2e)                See the latexrelease package for details.

Already applied: [0000/00/00] Old fixltx2e package on input line 53.
)
(c:/Users/Keiryn Hart/AppData/Roaming/TinyTeX/texmf-dist/tex/latex/base/fontenc
.sty
Package: fontenc 2020/02/11 v2.0o Standard LaTeX package
LaTeX Font Info:    Trying to load font information for T1+lmr on input line 11
2.
(c:/Users/Keiryn Hart/AppData/Roaming/TinyTeX/texmf-dist/tex/latex/lm/t1lmr.fd
File: t1lmr.fd 2009/10/30 v1.6 Font defs for Latin Modern
))
(c:/Users/Keiryn Hart/AppData/Roaming/TinyTeX/texmf-dist/tex/latex/base/inputen
c.sty
Package: inputenc 2018/08/11 v1.3c Input encoding file
\inpenc@prehook=\toks21
\inpenc@posthook=\toks22
)
(c:/Users/Keiryn Hart/AppData/Roaming/TinyTeX/texmf-dist/tex/latex/upquote/upqu
ote.sty
Package: upquote 2012/04/19 v1.3 upright-quote and grave-accent glyphs in verba
tim

(c:/Users/Keiryn Hart/AppData/Roaming/TinyTeX/texmf-dist/tex/latex/base/textcom
p.sty
Package: textcomp 2020/02/02 v2.0n Standard LaTeX package
))
(c:/Users/Keiryn Hart/AppData/Roaming/TinyTeX/texmf-dist/tex/latex/geometry/geo
metry.sty
Package: geometry 2020/01/02 v5.9 Page Geometry

(c:/Users/Keiryn Hart/AppData/Roaming/TinyTeX/texmf-dist/tex/latex/graphics/key
val.sty
Package: keyval 2014/10/28 v1.15 key=value parser (DPC)
\KV@toks@=\toks23
)
(c:/Users/Keiryn Hart/AppData/Roaming/TinyTeX/texmf-dist/tex/generic/iftex/ifvt
ex.sty
Package: ifvtex 2019/10/25 v1.7 ifvtex legacy package. Use iftex instead.
)
\Gm@cnth=\count187
\Gm@cntv=\count188
\c@Gm@tempcnt=\count189
\Gm@bindingoffset=\dimen144
\Gm@wd@mp=\dimen145
\Gm@odd@mp=\dimen146
\Gm@even@mp=\dimen147
\Gm@layoutwidth=\dimen148
\Gm@layoutheight=\dimen149
\Gm@layouthoffset=\dimen150
\Gm@layoutvoffset=\dimen151
\Gm@dimlist=\toks24
)
(c:/Users/Keiryn Hart/AppData/Roaming/TinyTeX/texmf-dist/tex/latex/hyperref/hyp
erref.sty
Package: hyperref 2020/01/14 v7.00d Hypertext links for LaTeX

(c:/Users/Keiryn Hart/AppData/Roaming/TinyTeX/texmf-dist/tex/generic/ltxcmds/lt
xcmds.sty
Package: ltxcmds 2019/12/15 v1.24 LaTeX kernel commands for general use (HO)
)
(c:/Users/Keiryn Hart/AppData/Roaming/TinyTeX/texmf-dist/tex/latex/pdftexcmds/p
dftexcmds.sty
Package: pdftexcmds 2019/11/24 v0.31 Utility functions of pdfTeX for LuaTeX (HO
)

(c:/Users/Keiryn Hart/AppData/Roaming/TinyTeX/texmf-dist/tex/generic/infwarerr/
infwarerr.sty
Package: infwarerr 2019/12/03 v1.5 Providing info/warning/error messages (HO)
)
Package pdftexcmds Info: \pdf@primitive is available.
Package pdftexcmds Info: \pdf@ifprimitive is available.
Package pdftexcmds Info: \pdfdraftmode found.
)
(c:/Users/Keiryn Hart/AppData/Roaming/TinyTeX/texmf-dist/tex/generic/kvsetkeys/
kvsetkeys.sty
Package: kvsetkeys 2019/12/15 v1.18 Key value parser (HO)
)
(c:/Users/Keiryn Hart/AppData/Roaming/TinyTeX/texmf-dist/tex/generic/kvdefineke
ys/kvdefinekeys.sty
Package: kvdefinekeys 2019-12-19 v1.6 Define keys (HO)
)
(c:/Users/Keiryn Hart/AppData/Roaming/TinyTeX/texmf-dist/tex/generic/pdfescape/
pdfescape.sty
Package: pdfescape 2019/12/09 v1.15 Implements pdfTeX's escape features (HO)
)
(c:/Users/Keiryn Hart/AppData/Roaming/TinyTeX/texmf-dist/tex/latex/hycolor/hyco
lor.sty
Package: hycolor 2020-01-27 v1.10 Color options for hyperref/bookmark (HO)
)
(c:/Users/Keiryn Hart/AppData/Roaming/TinyTeX/texmf-dist/tex/latex/letltxmacro/
letltxmacro.sty
Package: letltxmacro 2019/12/03 v1.6 Let assignment for LaTeX macros (HO)
)
(c:/Users/Keiryn Hart/AppData/Roaming/TinyTeX/texmf-dist/tex/latex/auxhook/auxh
ook.sty
Package: auxhook 2019-12-17 v1.6 Hooks for auxiliary files (HO)
)
(c:/Users/Keiryn Hart/AppData/Roaming/TinyTeX/texmf-dist/tex/latex/kvoptions/kv
options.sty
Package: kvoptions 2019/11/29 v3.13 Key value format for package options (HO)
)
\@linkdim=\dimen152
\Hy@linkcounter=\count190
\Hy@pagecounter=\count191

(c:/Users/Keiryn Hart/AppData/Roaming/TinyTeX/texmf-dist/tex/latex/hyperref/pd1
enc.def
File: pd1enc.def 2020/01/14 v7.00d Hyperref: PDFDocEncoding definition (HO)
Now handling font encoding PD1 ...
... no UTF-8 mapping file for font encoding PD1
)
(c:/Users/Keiryn Hart/AppData/Roaming/TinyTeX/texmf-dist/tex/generic/intcalc/in
tcalc.sty
Package: intcalc 2019/12/15 v1.3 Expandable calculations with integers (HO)
)
(c:/Users/Keiryn Hart/AppData/Roaming/TinyTeX/texmf-dist/tex/generic/etexcmds/e
texcmds.sty
Package: etexcmds 2019/12/15 v1.7 Avoid name clashes with e-TeX commands (HO)
)
\Hy@SavedSpaceFactor=\count192
\pdfmajorversion=\count193
Package hyperref Info: Hyper figures OFF on input line 4547.
Package hyperref Info: Link nesting OFF on input line 4552.
Package hyperref Info: Hyper index ON on input line 4555.
Package hyperref Info: Plain pages OFF on input line 4562.
Package hyperref Info: Backreferencing OFF on input line 4567.
Package hyperref Info: Implicit mode ON; LaTeX internals redefined.
Package hyperref Info: Bookmarks ON on input line 4800.
\c@Hy@tempcnt=\count194
(c:/Users/Keiryn Hart/AppData/Roaming/TinyTeX/texmf-dist/tex/latex/url/url.sty
\Urlmuskip=\muskip17
Package: url 2013/09/16  ver 3.4  Verb mode for urls, etc.
)
LaTeX Info: Redefining \url on input line 5159.
\XeTeXLinkMargin=\dimen153

(c:/Users/Keiryn Hart/AppData/Roaming/TinyTeX/texmf-dist/tex/generic/bitset/bit
set.sty
Package: bitset 2019/12/09 v1.3 Handle bit-vector datatype (HO)

(c:/Users/Keiryn Hart/AppData/Roaming/TinyTeX/texmf-dist/tex/generic/bigintcalc
/bigintcalc.sty
Package: bigintcalc 2019/12/15 v1.5 Expandable calculations on big integers (HO
)
))
\Fld@menulength=\count195
\Field@Width=\dimen154
\Fld@charsize=\dimen155
Package hyperref Info: Hyper figures OFF on input line 6430.
Package hyperref Info: Link nesting OFF on input line 6435.
Package hyperref Info: Hyper index ON on input line 6438.
Package hyperref Info: backreferencing OFF on input line 6445.
Package hyperref Info: Link coloring OFF on input line 6450.
Package hyperref Info: Link coloring with OCG OFF on input line 6455.
Package hyperref Info: PDF/A mode OFF on input line 6460.
LaTeX Info: Redefining \ref on input line 6500.
LaTeX Info: Redefining \pageref on input line 6504.

(c:/Users/Keiryn Hart/AppData/Roaming/TinyTeX/texmf-dist/tex/generic/atbegshi/a
tbegshi.sty
Package: atbegshi 2019/12/05 v1.19 At begin shipout hook (HO)
)
\Hy@abspage=\count196
\c@Item=\count197
\c@Hfootnote=\count198
)
Package hyperref Info: Driver (autodetected): hpdftex.

(c:/Users/Keiryn Hart/AppData/Roaming/TinyTeX/texmf-dist/tex/latex/hyperref/hpd
ftex.def
File: hpdftex.def 2020/01/14 v7.00d Hyperref driver for pdfTeX

(c:/Users/Keiryn Hart/AppData/Roaming/TinyTeX/texmf-dist/tex/latex/atveryend/at
veryend.sty
Package: atveryend 2019-12-11 v1.11 Hooks at the very end of document (HO)
Package atveryend Info: \enddocument detected (standard20110627).
)
\Fld@listcount=\count199
\c@bookmark@seq@number=\count266

(c:/Users/Keiryn Hart/AppData/Roaming/TinyTeX/texmf-dist/tex/latex/rerunfileche
ck/rerunfilecheck.sty
Package: rerunfilecheck 2019/12/05 v1.9 Rerun checks for auxiliary files (HO)

(c:/Users/Keiryn Hart/AppData/Roaming/TinyTeX/texmf-dist/tex/generic/uniquecoun
ter/uniquecounter.sty
Package: uniquecounter 2019/12/15 v1.4 Provide unlimited unique counter (HO)
)
Package uniquecounter Info: New unique counter `rerunfilecheck' on input line 2
86.
)
\Hy@SectionHShift=\skip52
)
Package hyperref Info: Option `unicode' set `true' on input line 30.

(c:/Users/Keiryn Hart/AppData/Roaming/TinyTeX/texmf-dist/tex/latex/hyperref/pue
nc.def
File: puenc.def 2020/01/14 v7.00d Hyperref: PDF Unicode definition (HO)
Now handling font encoding PU ...
... no UTF-8 mapping file for font encoding PU
)
Package hyperref Info: Option `breaklinks' set `true' on input line 30.

(c:/Users/Keiryn Hart/AppData/Roaming/TinyTeX/texmf-dist/tex/latex/graphics/col
or.sty
Package: color 2019/11/23 v1.2a Standard LaTeX Color (DPC)

(c:/Users/Keiryn Hart/AppData/Roaming/TinyTeX/texmf-dist/tex/latex/graphics-cfg
/color.cfg
File: color.cfg 2016/01/02 v1.6 sample color configuration
)
Package color Info: Driver file: pdftex.def on input line 147.

(c:/Users/Keiryn Hart/AppData/Roaming/TinyTeX/texmf-dist/tex/latex/graphics-def
/pdftex.def
File: pdftex.def 2018/01/08 v1.0l Graphics/color driver for pdftex
))
(c:/Users/Keiryn Hart/AppData/Roaming/TinyTeX/texmf-dist/tex/latex/fancyvrb/fan
cyvrb.sty
Package: fancyvrb 2020/01/13 v3.5 verbatim text (tvz,hv)
\FV@CodeLineNo=\count267
\FV@InFile=\read2
\FV@TabBox=\box47
\c@FancyVerbLine=\count268
\FV@StepNumber=\count269
\FV@OutFile=\write3
)
(c:/Users/Keiryn Hart/AppData/Roaming/TinyTeX/texmf-dist/tex/latex/framed/frame
d.sty
Package: framed 2011/10/22 v 0.96: framed or shaded text with page breaks
\OuterFrameSep=\skip53
\fb@frw=\dimen156
\fb@frh=\dimen157
\FrameRule=\dimen158
\FrameSep=\dimen159
)
(c:/Users/Keiryn Hart/AppData/Roaming/TinyTeX/texmf-dist/tex/latex/tools/longta
ble.sty
Package: longtable 2020/01/07 v4.13 Multi-page Table package (DPC)
\LTleft=\skip54
\LTright=\skip55
\LTpre=\skip56
\LTpost=\skip57
\LTchunksize=\count270
\LTcapwidth=\dimen160
\LT@head=\box48
\LT@firsthead=\box49
\LT@foot=\box50
\LT@lastfoot=\box51
\LT@cols=\count271
\LT@rows=\count272
\c@LT@tables=\count273
\c@LT@chunks=\count274
\LT@p@ftn=\toks25
)
(c:/Users/Keiryn Hart/AppData/Roaming/TinyTeX/texmf-dist/tex/latex/booktabs/boo
ktabs.sty
Package: booktabs 2020/01/12 v1.61803398 Publication quality tables
\heavyrulewidth=\dimen161
\lightrulewidth=\dimen162
\cmidrulewidth=\dimen163
\belowrulesep=\dimen164
\belowbottomsep=\dimen165
\aboverulesep=\dimen166
\abovetopsep=\dimen167
\cmidrulesep=\dimen168
\cmidrulekern=\dimen169
\defaultaddspace=\dimen170
\@cmidla=\count275
\@cmidlb=\count276
\@aboverulesep=\dimen171
\@belowrulesep=\dimen172
\@thisruleclass=\count277
\@lastruleclass=\count278
\@thisrulewidth=\dimen173
)
(c:/Users/Keiryn Hart/AppData/Roaming/TinyTeX/texmf-dist/tex/latex/graphics/gra
phicx.sty
Package: graphicx 2019/11/30 v1.2a Enhanced LaTeX Graphics (DPC,SPQR)

(c:/Users/Keiryn Hart/AppData/Roaming/TinyTeX/texmf-dist/tex/latex/graphics/gra
phics.sty
Package: graphics 2019/11/30 v1.4a Standard LaTeX Graphics (DPC,SPQR)

(c:/Users/Keiryn Hart/AppData/Roaming/TinyTeX/texmf-dist/tex/latex/graphics/tri
g.sty
Package: trig 2016/01/03 v1.10 sin cos tan (DPC)
)
(c:/Users/Keiryn Hart/AppData/Roaming/TinyTeX/texmf-dist/tex/latex/graphics-cfg
/graphics.cfg
File: graphics.cfg 2016/06/04 v1.11 sample graphics configuration
)
Package graphics Info: Driver file: pdftex.def on input line 105.
)
\Gin@req@height=\dimen174
\Gin@req@width=\dimen175
)
(c:/Users/Keiryn Hart/AppData/Roaming/TinyTeX/texmf-dist/tex/latex/grffile/grff
ile.sty
Package: grffile 2019/11/11 v2.1 Extended file name support for graphics (legac
y)
Package grffile Info: This package is an empty stub for compatibility on input 
line 40.
)
(c:/Users/Keiryn Hart/AppData/Roaming/TinyTeX/texmf-dist/tex/latex/titling/titl
ing.sty
Package: titling 2009/09/04 v2.1d maketitle typesetting
\thanksmarkwidth=\skip58
\thanksmargin=\skip59
\droptitle=\skip60
)
(c:/Users/Keiryn Hart/AppData/Roaming/TinyTeX/texmf-dist/tex/latex/tools/array.
sty
Package: array 2019/08/31 v2.4l Tabular extension package (FMi)
\col@sep=\dimen176
\ar@mcellbox=\box52
\extrarowheight=\dimen177
\NC@list=\toks26
\extratabsurround=\skip61
\backup@length=\skip62
\ar@cellbox=\box53
)
(c:/Users/Keiryn Hart/AppData/Roaming/TinyTeX/texmf-dist/tex/latex/multirow/mul
tirow.sty
Package: multirow 2019/05/31 v2.5 Span multiple rows of a table
\multirow@colwidth=\skip63
\multirow@cntb=\count279
\multirow@dima=\skip64
\bigstrutjot=\dimen178
)
(c:/Users/Keiryn Hart/AppData/Roaming/TinyTeX/texmf-dist/tex/latex/wrapfig/wrap
fig.sty
\wrapoverhang=\dimen179
\WF@size=\dimen180
\c@WF@wrappedlines=\count280
\WF@box=\box54
\WF@everypar=\toks27
Package: wrapfig 2003/01/31  v 3.6
)
(c:/Users/Keiryn Hart/AppData/Roaming/TinyTeX/texmf-dist/tex/latex/float/float.
sty
Package: float 2001/11/08 v1.3d Float enhancements (AL)
\c@float@type=\count281
\float@exts=\toks28
\float@box=\box55
\@float@everytoks=\toks29
\@floatcapt=\box56
)
(c:/Users/Keiryn Hart/AppData/Roaming/TinyTeX/texmf-dist/tex/latex/colortbl/col
ortbl.sty
Package: colortbl 2020/01/04 v1.0e Color table columns (DPC)
\everycr=\toks30
\minrowclearance=\skip65
)
(c:/Users/Keiryn Hart/AppData/Roaming/TinyTeX/texmf-dist/tex/latex/pdflscape/pd
flscape.sty
Package: pdflscape 2019/12/05 v0.12 Display of landscape pages in PDF (HO)

(c:/Users/Keiryn Hart/AppData/Roaming/TinyTeX/texmf-dist/tex/latex/graphics/lsc
ape.sty
Package: lscape 2000/10/22 v3.01 Landscape Pages (DPC)
)
Package pdflscape Info: Auto-detected driver: pdftex on input line 81.
)
(c:/Users/Keiryn Hart/AppData/Roaming/TinyTeX/texmf-dist/tex/latex/tabu/tabu.st
y
Package: tabu 2019/01/11 v2.9 - flexible LaTeX tabulars (FC+tabu-fixed)

(c:/Users/Keiryn Hart/AppData/Roaming/TinyTeX/texmf-dist/tex/latex/varwidth/var
width.sty
Package: varwidth 2009/03/30 ver 0.92;  Variable-width minipages
\@vwid@box=\box57
\sift@deathcycles=\count282
\@vwid@loff=\dimen181
\@vwid@roff=\dimen182
)
\c@taburow=\count283
\tabu@nbcols=\count284
\tabu@cnt=\count285
\tabu@Xcol=\count286
\tabu@alloc=\count287
\tabu@nested=\count288
\tabu@target=\dimen183
\tabu@spreadtarget=\dimen184
\tabu@naturalX=\dimen185
\tabucolX=\dimen186
\tabu@Xsum=\dimen187
\extrarowdepth=\dimen188
\abovetabulinesep=\dimen189
\belowtabulinesep=\dimen190
\tabustrutrule=\dimen191
\tabu@thebody=\toks31
\tabu@footnotes=\toks32
\tabu@box=\box58
\tabu@arstrutbox=\box59
\tabu@hleads=\box60
\tabu@vleads=\box61
\tabu@cellskip=\skip66
)
(c:/Users/Keiryn Hart/AppData/Roaming/TinyTeX/texmf-dist/tex/latex/threeparttab
le/threeparttable.sty
Package: threeparttable 2003/06/13  v 3.0
\@tempboxb=\box62
)
(c:/Users/Keiryn Hart/AppData/Roaming/TinyTeX/texmf-dist/tex/latex/threeparttab
lex/threeparttablex.sty
Package: threeparttablex 2013/07/23 v0.3 by daleif

(c:/Users/Keiryn Hart/AppData/Roaming/TinyTeX/texmf-dist/tex/latex/environ/envi
ron.sty
Package: environ 2014/05/04 v0.3 A new way to define environments

(c:/Users/Keiryn Hart/AppData/Roaming/TinyTeX/texmf-dist/tex/latex/trimspaces/t
rimspaces.sty
Package: trimspaces 2009/09/17 v1.1 Trim spaces around a token list
))
\TPTL@width=\skip67
)
(c:/Users/Keiryn Hart/AppData/Roaming/TinyTeX/texmf-dist/tex/generic/ulem/ulem.
sty
\UL@box=\box63
\UL@hyphenbox=\box64
\UL@skip=\skip68
\UL@hook=\toks33
\UL@height=\dimen192
\UL@pe=\count289
\UL@pixel=\dimen193
\ULC@box=\box65
Package: ulem 2019/11/18
\ULdepth=\dimen194
)
(c:/Users/Keiryn Hart/AppData/Roaming/TinyTeX/texmf-dist/tex/latex/makecell/mak
ecell.sty
Package: makecell 2009/08/03 V0.1e Managing of Tab Column Heads and Cells
\rotheadsize=\dimen195
\c@nlinenum=\count290
\TeXr@lab=\toks34
)
(c:/Users/Keiryn Hart/AppData/Roaming/TinyTeX/texmf-dist/tex/latex/xcolor/xcolo
r.sty
Package: xcolor 2016/05/11 v2.12 LaTeX color extensions (UK)

(c:/Users/Keiryn Hart/AppData/Roaming/TinyTeX/texmf-dist/tex/latex/graphics-cfg
/color.cfg
File: color.cfg 2016/01/02 v1.6 sample color configuration
)
Package xcolor Info: Driver file: pdftex.def on input line 225.
LaTeX Info: Redefining \color on input line 709.
Package xcolor Info: Model `cmy' substituted by `cmy0' on input line 1348.
Package xcolor Info: Model `hsb' substituted by `rgb' on input line 1352.
Package xcolor Info: Model `RGB' extended on input line 1364.
Package xcolor Info: Model `HTML' substituted by `rgb' on input line 1366.
Package xcolor Info: Model `Hsb' substituted by `hsb' on input line 1367.
Package xcolor Info: Model `tHsb' substituted by `hsb' on input line 1368.
Package xcolor Info: Model `HSB' substituted by `hsb' on input line 1369.
Package xcolor Info: Model `Gray' substituted by `gray' on input line 1370.
Package xcolor Info: Model `wave' substituted by `hsb' on input line 1371.
)
(c:/Users/Keiryn Hart/AppData/Roaming/TinyTeX/texmf-dist/tex/latex/l3backend/l3
backend-pdfmode.def
File: l3backend-pdfmode.def 2020-02-23 L3 backend support: PDF mode
\l__kernel_color_stack_int=\count291
\l__pdf_internal_box=\box66
)
No file assignment44.aux.
\openout1 = `assignment44.aux'.

LaTeX Font Info:    Checking defaults for OML/cmm/m/it on input line 143.
LaTeX Font Info:    ... okay on input line 143.
LaTeX Font Info:    Checking defaults for OMS/cmsy/m/n on input line 143.
LaTeX Font Info:    ... okay on input line 143.
LaTeX Font Info:    Checking defaults for OT1/cmr/m/n on input line 143.
LaTeX Font Info:    ... okay on input line 143.
LaTeX Font Info:    Checking defaults for T1/cmr/m/n on input line 143.
LaTeX Font Info:    ... okay on input line 143.
LaTeX Font Info:    Checking defaults for TS1/cmr/m/n on input line 143.
LaTeX Font Info:    ... okay on input line 143.
LaTeX Font Info:    Checking defaults for OMX/cmex/m/n on input line 143.
LaTeX Font Info:    ... okay on input line 143.
LaTeX Font Info:    Checking defaults for U/cmr/m/n on input line 143.
LaTeX Font Info:    ... okay on input line 143.
LaTeX Font Info:    Checking defaults for PD1/pdf/m/n on input line 143.
LaTeX Font Info:    ... okay on input line 143.
LaTeX Font Info:    Checking defaults for PU/pdf/m/n on input line 143.
LaTeX Font Info:    ... okay on input line 143.
*geometry* driver: auto-detecting
*geometry* detected driver: pdftex
*geometry* verbose mode - [ preamble ] result:
* driver: pdftex
* paper: <default>
* layout: <same size as paper>
* layoutoffset:(h,v)=(0.0pt,0.0pt)
* modes: 
* h-part:(L,W,R)=(72.26999pt, 469.75502pt, 72.26999pt)
* v-part:(T,H,B)=(72.26999pt, 650.43001pt, 72.26999pt)
* \paperwidth=614.295pt
* \paperheight=794.96999pt
* \textwidth=469.75502pt
* \textheight=650.43001pt
* \oddsidemargin=0.0pt
* \evensidemargin=0.0pt
* \topmargin=-37.0pt
* \headheight=12.0pt
* \headsep=25.0pt
* \topskip=10.0pt
* \footskip=30.0pt
* \marginparwidth=65.0pt
* \marginparsep=11.0pt
* \columnsep=10.0pt
* \skip\footins=9.0pt plus 4.0pt minus 2.0pt
* \hoffset=0.0pt
* \voffset=0.0pt
* \mag=1000
* \@twocolumnfalse
* \@twosidefalse
* \@mparswitchfalse
* \@reversemarginfalse
* (1in=72.27pt=25.4mm, 1cm=28.453pt)

\AtBeginShipoutBox=\box67
Package hyperref Info: Link coloring OFF on input line 143.

(c:/Users/Keiryn Hart/AppData/Roaming/TinyTeX/texmf-dist/tex/latex/hyperref/nam
eref.sty
Package: nameref 2019/09/16 v2.46 Cross-referencing by name of section

(c:/Users/Keiryn Hart/AppData/Roaming/TinyTeX/texmf-dist/tex/latex/refcount/ref
count.sty
Package: refcount 2019/12/15 v3.6 Data extraction from label references (HO)
)
(c:/Users/Keiryn Hart/AppData/Roaming/TinyTeX/texmf-dist/tex/generic/gettitlest
ring/gettitlestring.sty
Package: gettitlestring 2019/12/15 v1.6 Cleanup title references (HO)
)
\c@section@level=\count292
)
LaTeX Info: Redefining \ref on input line 143.
LaTeX Info: Redefining \pageref on input line 143.
LaTeX Info: Redefining \nameref on input line 143.
\@outlinefile=\write4
\openout4 = `assignment44.out'.


(c:/Users/Keiryn Hart/AppData/Roaming/TinyTeX/texmf-dist/tex/latex/epstopdf-pkg
/epstopdf-base.sty
Package: epstopdf-base 2020-01-24 v2.11 Base part for package epstopdf
Package epstopdf-base Info: Redefining graphics rule for `.eps' on input line 4
85.

(c:/Users/Keiryn Hart/AppData/Roaming/TinyTeX/texmf-dist/tex/latex/latexconfig/
epstopdf-sys.cfg
File: epstopdf-sys.cfg 2010/07/13 v1.3 Configuration of (r)epstopdf for TeX Liv
e
))

Package xcolor Warning: Incompatible color definition on input line 146.

LaTeX Font Info:    Trying to load font information for T1+lmtt on input line 1
47.

(c:/Users/Keiryn Hart/AppData/Roaming/TinyTeX/texmf-dist/tex/latex/lm/t1lmtt.fd
File: t1lmtt.fd 2009/10/30 v1.6 Font defs for Latin Modern
)
LaTeX Font Info:    Font shape `T1/lmtt/bx/n' in size <10> not available
(Font)              Font shape `T1/lmtt/b/n' tried instead on input line 149.

Package xcolor Warning: Incompatible color definition on input line 154.


Package xcolor Warning: Incompatible color definition on input line 154.


Package xcolor Warning: Incompatible color definition on input line 158.


Package xcolor Warning: Incompatible color definition on input line 162.


Package xcolor Warning: Incompatible color definition on input line 162.


Package xcolor Warning: Incompatible color definition on input line 168.


Package xcolor Warning: Incompatible color definition on input line 184.


Package xcolor Warning: Incompatible color definition on input line 184.


Package xcolor Warning: Incompatible color definition on input line 207.


Package xcolor Warning: Incompatible color definition on input line 213.


Package xcolor Warning: Incompatible color definition on input line 213.


Package xcolor Warning: Incompatible color definition on input line 225.

[1

{c:/Users/Keiryn Hart/AppData/Roaming/TinyTeX/texmf-var/fonts/map/pdftex/updmap
/pdftex.map}]

Package xcolor Warning: Incompatible color definition on input line 249.


Package xcolor Warning: Incompatible color definition on input line 249.


Package xcolor Warning: Incompatible color definition on input line 286.


Package xcolor Warning: Incompatible color definition on input line 291.


Package xcolor Warning: Incompatible color definition on input line 291.

[2]
LaTeX Font Info:    Trying to load font information for TS1+lmtt on input line 
327.

(c:/Users/Keiryn Hart/AppData/Roaming/TinyTeX/texmf-dist/tex/latex/lm/ts1lmtt.f
d
File: ts1lmtt.fd 2009/10/30 v1.6 Font defs for Latin Modern
)

Package xcolor Warning: Incompatible color definition on input line 329.


Package xcolor Warning: Incompatible color definition on input line 333.


Package xcolor Warning: Incompatible color definition on input line 333.


Package xcolor Warning: Incompatible color definition on input line 343.


Package xcolor Warning: Incompatible color definition on input line 347.


Package xcolor Warning: Incompatible color definition on input line 347.


Package xcolor Warning: Incompatible color definition on input line 353.


Package xcolor Warning: Incompatible color definition on input line 358.


Package xcolor Warning: Incompatible color definition on input line 358.

LaTeX Font Info:    Trying to load font information for OT1+lmr on input line 3
64.

(c:/Users/Keiryn Hart/AppData/Roaming/TinyTeX/texmf-dist/tex/latex/lm/ot1lmr.fd
File: ot1lmr.fd 2009/10/30 v1.6 Font defs for Latin Modern
)
LaTeX Font Info:    Trying to load font information for OML+lmm on input line 3
64.

(c:/Users/Keiryn Hart/AppData/Roaming/TinyTeX/texmf-dist/tex/latex/lm/omllmm.fd
File: omllmm.fd 2009/10/30 v1.6 Font defs for Latin Modern
)
LaTeX Font Info:    Trying to load font information for OMS+lmsy on input line 
364.

(c:/Users/Keiryn Hart/AppData/Roaming/TinyTeX/texmf-dist/tex/latex/lm/omslmsy.f
d
File: omslmsy.fd 2009/10/30 v1.6 Font defs for Latin Modern
)
LaTeX Font Info:    Trying to load font information for OMX+lmex on input line 
364.

(c:/Users/Keiryn Hart/AppData/Roaming/TinyTeX/texmf-dist/tex/latex/lm/omxlmex.f
d
File: omxlmex.fd 2009/10/30 v1.6 Font defs for Latin Modern
)
LaTeX Font Info:    External font `lmex10' loaded for size
(Font)              <10> on input line 364.
LaTeX Font Info:    External font `lmex10' loaded for size
(Font)              <7> on input line 364.
LaTeX Font Info:    External font `lmex10' loaded for size
(Font)              <5> on input line 364.
LaTeX Font Info:    Trying to load font information for U+msa on input line 364
.

(c:/Users/Keiryn Hart/AppData/Roaming/TinyTeX/texmf-dist/tex/latex/amsfonts/ums
a.fd
File: umsa.fd 2013/01/14 v3.01 AMS symbols A
)
LaTeX Font Info:    Trying to load font information for U+msb on input line 364
.

(c:/Users/Keiryn Hart/AppData/Roaming/TinyTeX/texmf-dist/tex/latex/amsfonts/ums
b.fd
File: umsb.fd 2013/01/14 v3.01 AMS symbols B
) [3]

Package xcolor Warning: Incompatible color definition on input line 407.


Package xcolor Warning: Incompatible color definition on input line 411.


Package xcolor Warning: Incompatible color definition on input line 411.


Package xcolor Warning: Incompatible color definition on input line 417.


Package xcolor Warning: Incompatible color definition on input line 421.


Package xcolor Warning: Incompatible color definition on input line 421.


Package longtable Warning: Column widths have changed
(longtable)                in table 3 on input line 589.


! Package inputenc Error: Unicode character β (U+03B2)
(inputenc)                not set up for use with LaTeX.

See the inputenc package documentation for explanation.
Type  H <return>  for immediate help.
 ...                                              
                                                  
l.599 Hypothesis: H0:β
                       1 = 0 H1:β1 ≠ 0 
Here is how much of TeX's memory you used:
 12484 strings out of 482913
 182277 string characters out of 5957112
 445798 words of memory out of 5000000
 27499 multiletter control sequences out of 15000+600000
 569476 words of font info for 52 fonts, out of 8000000 for 9000
 14 hyphenation exceptions out of 8191
 34i,9n,37p,642b,459s stack positions out of 5000i,500n,10000p,200000b,80000s

!  ==> Fatal error occurred, no output PDF file produced!
